#
# There is insufficient memory for the Java Runtime Environment to continue.
# Native memory allocation (mmap) failed to map 93323264 bytes for G1 virtual space
# Possible reasons:
#   The system is out of physical RAM or swap space
#   The process is running with CompressedOops enabled, and the Java Heap may be blocking the growth of the native heap
# Possible solutions:
#   Reduce memory load on the system
#   Increase physical memory or swap space
#   Check if swap backing store is full
#   Decrease Java heap size (-Xmx/-Xms)
#   Decrease number of Java threads
#   Decrease Java thread stack sizes (-Xss)
#   Set larger code cache with -XX:ReservedCodeCacheSize=
#   JVM is running with Unscaled Compressed Oops mode in which the Java heap is
#     placed in the first 4GB address space. The Java Heap base address is the
#     maximum limit for the native heap growth. Please use -XX:HeapBaseMinAddress
#     to set the Java Heap base and to place the Java Heap above 4GB virtual address.
# This output file may be truncated or incomplete.
#
#  Out of Memory Error (os_windows.cpp:3550), pid=30168, tid=21692
#
# JRE version: Java(TM) SE Runtime Environment (17.0.7+8) (build 17.0.7+8-LTS-224)
# Java VM: Java HotSpot(TM) 64-Bit Server VM (17.0.7+8-LTS-224, mixed mode, emulated-client, sharing, tiered, compressed oops, compressed class ptrs, g1 gc, windows-amd64)
# No core dump will be written. Minidumps are not enabled by default on client versions of Windows
#

---------------  S U M M A R Y ------------

Command Line: -XX:TieredStopAtLevel=1 -Dspring.output.ansi.enabled=always -Dcom.sun.management.jmxremote -Dspring.jmx.enabled=true -Dspring.liveBeansView.mbeanDomain -Dspring.application.admin.enabled=true -Dmanagement.endpoints.jmx.exposure.include=* -javaagent:C:\Program Files\JetBrains\IntelliJ IDEA 2023.2.4\lib\idea_rt.jar=61085:C:\Program Files\JetBrains\IntelliJ IDEA 2023.2.4\bin -Dfile.encoding=UTF-8 com.example.gradwork.GradworkApplication

Host: Intel(R) Core(TM) i5-10200H CPU @ 2.40GHz, 8 cores, 7G,  Windows 11 , 64 bit Build 26100 (10.0.26100.3323)
Time: Wed Mar 19 22:40:16 2025  Windows 11 , 64 bit Build 26100 (10.0.26100.3323) elapsed time: 11.477904 seconds (0d 0h 0m 11s)

---------------  T H R E A D  ---------------

Current thread (0x000002474e1cc860):  VMThread "VM Thread" [stack: 0x000000c6edd00000,0x000000c6ede00000] [id=21692]

Stack: [0x000000c6edd00000,0x000000c6ede00000]
Native frames: (J=compiled Java code, j=interpreted, Vv=VM code, C=native code)
V  [jvm.dll+0x676a4a]
V  [jvm.dll+0x7d74f4]
V  [jvm.dll+0x7d8c9e]
V  [jvm.dll+0x7d9303]
V  [jvm.dll+0x2452c5]
V  [jvm.dll+0x6738f9]
V  [jvm.dll+0x668232]
V  [jvm.dll+0x302826]
V  [jvm.dll+0x309da6]
V  [jvm.dll+0x35952e]
V  [jvm.dll+0x35975f]
V  [jvm.dll+0x2d9a38]
V  [jvm.dll+0x2d7e45]
V  [jvm.dll+0x2d744c]
V  [jvm.dll+0x31ab1b]
V  [jvm.dll+0x7ddb0b]
V  [jvm.dll+0x7de844]
V  [jvm.dll+0x7ded5d]
V  [jvm.dll+0x7df134]
V  [jvm.dll+0x7df200]
V  [jvm.dll+0x78759a]
V  [jvm.dll+0x675875]
C  [ucrtbase.dll+0x37b0]
C  [KERNEL32.DLL+0x2e8d7]
C  [ntdll.dll+0xbbf6c]

VM_Operation (0x000000c6f0ffd210): G1CollectForAllocation, mode: safepoint, requested by thread 0x000002475514f7f0


---------------  P R O C E S S  ---------------

Threads class SMR info:
_java_thread_list=0x0000024752fb6080, length=37, elements={
0x000002473c329b10, 0x000002474e1d2e80, 0x000002474e1d45a0, 0x000002474e1eaf30,
0x000002474e1ed800, 0x000002474e1f0c40, 0x000002474e1f1500, 0x000002474e1f3940,
0x000002474e1f6580, 0x000002474e1bdeb0, 0x000002474effc8b0, 0x000002474effd180,
0x000002474f3125a0, 0x000002474f3f7ab0, 0x000002474f6cc470, 0x0000024750499100,
0x00000247504451c0, 0x0000024750d8f510, 0x0000024750d8f9e0, 0x0000024750d911f0,
0x0000024750d8eb70, 0x0000024750d8feb0, 0x0000024750d90850, 0x0000024750d8f040,
0x0000024750d90380, 0x0000024750d90d20, 0x0000024750d916c0, 0x0000024750d91b90,
0x0000024750d8e6a0, 0x0000024750d8e1d0, 0x0000024755152340, 0x0000024755151000,
0x0000024755150b30, 0x0000024755151e70, 0x0000024755150190, 0x00000247551514d0,
0x000002475514f7f0
}

Java Threads: ( => current thread )
  0x000002473c329b10 JavaThread "main" [_thread_blocked, id=3924, stack(0x000000c6ed700000,0x000000c6ed800000)]
  0x000002474e1d2e80 JavaThread "Reference Handler" daemon [_thread_blocked, id=21092, stack(0x000000c6ede00000,0x000000c6edf00000)]
  0x000002474e1d45a0 JavaThread "Finalizer" daemon [_thread_blocked, id=22496, stack(0x000000c6edf00000,0x000000c6ee000000)]
  0x000002474e1eaf30 JavaThread "Signal Dispatcher" daemon [_thread_blocked, id=29108, stack(0x000000c6ee000000,0x000000c6ee100000)]
  0x000002474e1ed800 JavaThread "Attach Listener" daemon [_thread_blocked, id=11832, stack(0x000000c6ee100000,0x000000c6ee200000)]
  0x000002474e1f0c40 JavaThread "Service Thread" daemon [_thread_blocked, id=9292, stack(0x000000c6ee200000,0x000000c6ee300000)]
  0x000002474e1f1500 JavaThread "Monitor Deflation Thread" daemon [_thread_blocked, id=31424, stack(0x000000c6ee300000,0x000000c6ee400000)]
  0x000002474e1f3940 JavaThread "C1 CompilerThread0" daemon [_thread_blocked, id=1880, stack(0x000000c6ee400000,0x000000c6ee500000)]
  0x000002474e1f6580 JavaThread "Sweeper thread" daemon [_thread_blocked, id=14288, stack(0x000000c6ee500000,0x000000c6ee600000)]
  0x000002474e1bdeb0 JavaThread "Common-Cleaner" daemon [_thread_blocked, id=28108, stack(0x000000c6ee600000,0x000000c6ee700000)]
  0x000002474effc8b0 JavaThread "Monitor Ctrl-Break" daemon [_thread_in_native, id=28600, stack(0x000000c6eea00000,0x000000c6eeb00000)]
  0x000002474effd180 JavaThread "Notification Thread" daemon [_thread_blocked, id=25812, stack(0x000000c6eeb00000,0x000000c6eec00000)]
  0x000002474f3125a0 JavaThread "RMI TCP Accept-0" daemon [_thread_in_native, id=10924, stack(0x000000c6eec00000,0x000000c6eed00000)]
  0x000002474f3f7ab0 JavaThread "Thread-0" [_thread_blocked, id=24148, stack(0x000000c6ef500000,0x000000c6ef600000)]
  0x000002474f6cc470 JavaThread "restartedMain" [_thread_blocked, id=31184, stack(0x000000c6ef600000,0x000000c6ef700000)]
  0x0000024750499100 JavaThread "RMI TCP Connection(1)-169.254.96.5" daemon [_thread_blocked, id=23424, stack(0x000000c6ef700000,0x000000c6ef800000)]
  0x00000247504451c0 JavaThread "RMI Scheduler(0)" daemon [_thread_blocked, id=29644, stack(0x000000c6ef900000,0x000000c6efa00000)]
  0x0000024750d8f510 JavaThread "mysql-cj-abandoned-connection-cleanup" daemon [_thread_blocked, id=24024, stack(0x000000c6efb00000,0x000000c6efc00000)]
  0x0000024750d8f9e0 JavaThread "HikariPool-1 housekeeper" daemon [_thread_blocked, id=31112, stack(0x000000c6efd00000,0x000000c6efe00000)]
  0x0000024750d911f0 JavaThread "HikariPool-1 connection adder" daemon [_thread_blocked, id=19608, stack(0x000000c6efe00000,0x000000c6eff00000)]
  0x0000024750d8eb70 JavaThread "Catalina-utility-1" [_thread_blocked, id=31524, stack(0x000000c6eff00000,0x000000c6f0000000)]
  0x0000024750d8feb0 JavaThread "Catalina-utility-2" [_thread_blocked, id=19776, stack(0x000000c6f0000000,0x000000c6f0100000)]
  0x0000024750d90850 JavaThread "container-0" [_thread_blocked, id=29020, stack(0x000000c6f0100000,0x000000c6f0200000)]
  0x0000024750d8f040 JavaThread "ClassGraph-worker-28" daemon [_thread_blocked, id=29364, stack(0x000000c6f0200000,0x000000c6f0300000)]
  0x0000024750d90380 JavaThread "ClassGraph-worker-29" daemon [_thread_blocked, id=28716, stack(0x000000c6f0300000,0x000000c6f0400000)]
  0x0000024750d90d20 JavaThread "ClassGraph-worker-30" daemon [_thread_blocked, id=6704, stack(0x000000c6f0400000,0x000000c6f0500000)]
  0x0000024750d916c0 JavaThread "ClassGraph-worker-31" daemon [_thread_blocked, id=23468, stack(0x000000c6f0500000,0x000000c6f0600000)]
  0x0000024750d91b90 JavaThread "ClassGraph-worker-32" daemon [_thread_blocked, id=2764, stack(0x000000c6f0600000,0x000000c6f0700000)]
  0x0000024750d8e6a0 JavaThread "ClassGraph-worker-33" daemon [_thread_blocked, id=29068, stack(0x000000c6f0700000,0x000000c6f0800000)]
  0x0000024750d8e1d0 JavaThread "ClassGraph-worker-34" daemon [_thread_blocked, id=20992, stack(0x000000c6f0800000,0x000000c6f0900000)]
  0x0000024755152340 JavaThread "ClassGraph-worker-35" daemon [_thread_blocked, id=29996, stack(0x000000c6f0900000,0x000000c6f0a00000)]
  0x0000024755151000 JavaThread "ClassGraph-worker-36" daemon [_thread_blocked, id=29692, stack(0x000000c6f0a00000,0x000000c6f0b00000)]
  0x0000024755150b30 JavaThread "ClassGraph-worker-37" daemon [_thread_blocked, id=5676, stack(0x000000c6f0b00000,0x000000c6f0c00000)]
  0x0000024755151e70 JavaThread "ClassGraph-worker-38" daemon [_thread_blocked, id=21448, stack(0x000000c6f0c00000,0x000000c6f0d00000)]
  0x0000024755150190 JavaThread "ClassGraph-worker-39" daemon [_thread_blocked, id=28552, stack(0x000000c6f0d00000,0x000000c6f0e00000)]
  0x00000247551514d0 JavaThread "ClassGraph-worker-40" daemon [_thread_blocked, id=24988, stack(0x000000c6f0e00000,0x000000c6f0f00000)]
  0x000002475514f7f0 JavaThread "ClassGraph-worker-41" daemon [_thread_blocked, id=23116, stack(0x000000c6f0f00000,0x000000c6f1000000)]

Other Threads:
=>0x000002474e1cc860 VMThread "VM Thread" [stack: 0x000000c6edd00000,0x000000c6ede00000] [id=21692]
  0x000002473c3a1470 WatcherThread [stack: 0x000000c6eed00000,0x000000c6eee00000] [id=11364]
  0x000002473c3866c0 GCTaskThread "GC Thread#0" [stack: 0x000000c6ed800000,0x000000c6ed900000] [id=14188]
  0x000002474f68c4f0 GCTaskThread "GC Thread#1" [stack: 0x000000c6eee00000,0x000000c6eef00000] [id=25204]
  0x000002474f682f50 GCTaskThread "GC Thread#2" [stack: 0x000000c6eef00000,0x000000c6ef000000] [id=26820]
  0x000002474f6da930 GCTaskThread "GC Thread#3" [stack: 0x000000c6ef000000,0x000000c6ef100000] [id=30808]
  0x000002474f6dabe0 GCTaskThread "GC Thread#4" [stack: 0x000000c6ef100000,0x000000c6ef200000] [id=23300]
  0x000002474f6dae90 GCTaskThread "GC Thread#5" [stack: 0x000000c6ef200000,0x000000c6ef300000] [id=28456]
  0x000002474f6db140 GCTaskThread "GC Thread#6" [stack: 0x000000c6ef300000,0x000000c6ef400000] [id=21560]
  0x00000247504bc850 GCTaskThread "GC Thread#7" [stack: 0x000000c6ef800000,0x000000c6ef900000] [id=30120]
  0x000002473c398de0 ConcurrentGCThread "G1 Main Marker" [stack: 0x000000c6ed900000,0x000000c6eda00000] [id=26028]
  0x000002473c399f90 ConcurrentGCThread "G1 Conc#0" [stack: 0x000000c6eda00000,0x000000c6edb00000] [id=28844]
  0x00000247509b9880 ConcurrentGCThread "G1 Conc#1" [stack: 0x000000c6efa00000,0x000000c6efb00000] [id=11224]
  0x000002473c3de8a0 ConcurrentGCThread "G1 Refine#0" [stack: 0x000000c6edb00000,0x000000c6edc00000] [id=23704]
  0x000002474f687f90 ConcurrentGCThread "G1 Refine#1" [stack: 0x000000c6ef400000,0x000000c6ef500000] [id=26492]
  0x0000024753281ba0 ConcurrentGCThread "G1 Refine#2" [stack: 0x000000c6f1000000,0x000000c6f1100000] [id=26224]
  0x000002474e088450 ConcurrentGCThread "G1 Service" [stack: 0x000000c6edc00000,0x000000c6edd00000] [id=29688]

Threads with active compile tasks:

VM state: at safepoint (normal execution)

VM Mutex/Monitor currently owned by a thread:  ([mutex/lock_event])
[0x0000024739fefa90] Threads_lock - owner thread: 0x000002474e1cc860
[0x000002473c327e60] Heap_lock - owner thread: 0x000002475514f7f0

Heap address: 0x0000000082800000, size: 2008 MB, Compressed Oops mode: 32-bit

CDS archive(s) mapped at: [0x0000000800000000-0x0000000800bd0000-0x0000000800bd0000), size 12386304, SharedBaseAddress: 0x0000000800000000, ArchiveRelocationMode: 0.
Compressed class space mapped at: 0x0000000800c00000-0x0000000840c00000, reserved size: 1073741824
Narrow klass base: 0x0000000800000000, Narrow klass shift: 0, Narrow klass range: 0x100000000

GC Precious Log:
 CPUs: 8 total, 8 available
 Memory: 8025M
 Large Page Support: Disabled
 NUMA Support: Disabled
 Compressed Oops: Enabled (32-bit)
 Heap Region Size: 1M
 Heap Min Capacity: 8M
 Heap Initial Capacity: 126M
 Heap Max Capacity: 2008M
 Pre-touch: Disabled
 Parallel Workers: 8
 Concurrent Workers: 2
 Concurrent Refinement Workers: 8
 Periodic GC: Disabled

Heap:
 garbage-first heap   total 142336K, used 57773K [0x0000000082800000, 0x0000000100000000)
  region size 1024K, 1 young (1024K), 1 survivors (1024K)
 Metaspace       used 65420K, committed 65984K, reserved 1105920K
  class space    used 9706K, committed 9984K, reserved 1048576K

Heap Regions: E=young(eden), S=young(survivor), O=old, HS=humongous(starts), HC=humongous(continues), CS=collection set, F=free, OA=open archive, CA=closed archive, TAMS=top-at-mark-start (previous, next)
|   0|0x0000000082800000, 0x0000000082900000, 0x0000000082900000|100%|HS|  |TAMS 0x0000000082900000, 0x0000000082800000| Complete 
|   1|0x0000000082900000, 0x0000000082a00000, 0x0000000082a00000|100%| O|  |TAMS 0x0000000082a00000, 0x0000000082900000| Untracked 
|   2|0x0000000082a00000, 0x0000000082b00000, 0x0000000082b00000|100%| O|  |TAMS 0x0000000082b00000, 0x0000000082a00000| Untracked 
|   3|0x0000000082b00000, 0x0000000082c00000, 0x0000000082c00000|100%| O|  |TAMS 0x0000000082c00000, 0x0000000082b00000| Untracked 
|   4|0x0000000082c00000, 0x0000000082d00000, 0x0000000082d00000|100%| O|  |TAMS 0x0000000082d00000, 0x0000000082c00000| Untracked 
|   5|0x0000000082d00000, 0x0000000082e00000, 0x0000000082e00000|100%| O|  |TAMS 0x0000000082e00000, 0x0000000082d00000| Untracked 
|   6|0x0000000082e00000, 0x0000000082f00000, 0x0000000082f00000|100%| O|  |TAMS 0x0000000082f00000, 0x0000000082e00000| Untracked 
|   7|0x0000000082f00000, 0x0000000083000000, 0x0000000083000000|100%| O|  |TAMS 0x0000000083000000, 0x0000000082f00000| Untracked 
|   8|0x0000000083000000, 0x000000008305cc00, 0x0000000083100000| 36%| O|  |TAMS 0x000000008305cc00, 0x0000000083000000| Untracked 
|   9|0x0000000083100000, 0x0000000083200000, 0x0000000083200000|100%| O|  |TAMS 0x0000000083200000, 0x0000000083100000| Untracked 
|  10|0x0000000083200000, 0x0000000083300000, 0x0000000083300000|100%| O|  |TAMS 0x0000000083300000, 0x0000000083200000| Untracked 
|  11|0x0000000083300000, 0x0000000083400000, 0x0000000083400000|100%| O|  |TAMS 0x0000000083400000, 0x0000000083300000| Untracked 
|  12|0x0000000083400000, 0x0000000083500000, 0x0000000083500000|100%| O|  |TAMS 0x0000000083500000, 0x0000000083400000| Untracked 
|  13|0x0000000083500000, 0x0000000083600000, 0x0000000083600000|100%| O|  |TAMS 0x0000000083600000, 0x0000000083500000| Untracked 
|  14|0x0000000083600000, 0x0000000083700000, 0x0000000083700000|100%| O|  |TAMS 0x0000000083700000, 0x0000000083600000| Untracked 
|  15|0x0000000083700000, 0x0000000083800000, 0x0000000083800000|100%| O|  |TAMS 0x0000000083800000, 0x0000000083700000| Untracked 
|  16|0x0000000083800000, 0x0000000083900000, 0x0000000083900000|100%| O|  |TAMS 0x0000000083900000, 0x0000000083800000| Untracked 
|  17|0x0000000083900000, 0x0000000083a00000, 0x0000000083a00000|100%| O|  |TAMS 0x0000000083a00000, 0x0000000083900000| Untracked 
|  18|0x0000000083a00000, 0x0000000083b00000, 0x0000000083b00000|100%| O|  |TAMS 0x0000000083b00000, 0x0000000083a00000| Untracked 
|  19|0x0000000083b00000, 0x0000000083c00000, 0x0000000083c00000|100%| O|  |TAMS 0x0000000083c00000, 0x0000000083b00000| Untracked 
|  20|0x0000000083c00000, 0x0000000083d00000, 0x0000000083d00000|100%| O|  |TAMS 0x0000000083d00000, 0x0000000083c00000| Untracked 
|  21|0x0000000083d00000, 0x0000000083e00000, 0x0000000083e00000|100%| O|  |TAMS 0x0000000083e00000, 0x0000000083d00000| Untracked 
|  22|0x0000000083e00000, 0x0000000083f00000, 0x0000000083f00000|100%| O|  |TAMS 0x0000000083f00000, 0x0000000083e00000| Untracked 
|  23|0x0000000083f00000, 0x0000000084000000, 0x0000000084000000|100%| O|  |TAMS 0x0000000084000000, 0x0000000083f00000| Untracked 
|  24|0x0000000084000000, 0x0000000084100000, 0x0000000084100000|100%| O|  |TAMS 0x0000000084100000, 0x0000000084000000| Untracked 
|  25|0x0000000084100000, 0x0000000084200000, 0x0000000084200000|100%| O|  |TAMS 0x0000000084200000, 0x0000000084100000| Untracked 
|  26|0x0000000084200000, 0x0000000084300000, 0x0000000084300000|100%| O|  |TAMS 0x0000000084300000, 0x0000000084200000| Untracked 
|  27|0x0000000084300000, 0x0000000084400000, 0x0000000084400000|100%| O|  |TAMS 0x0000000084400000, 0x0000000084300000| Untracked 
|  28|0x0000000084400000, 0x0000000084500000, 0x0000000084500000|100%| O|  |TAMS 0x0000000084500000, 0x0000000084400000| Untracked 
|  29|0x0000000084500000, 0x0000000084600000, 0x0000000084600000|100%| O|  |TAMS 0x0000000084600000, 0x0000000084500000| Untracked 
|  30|0x0000000084600000, 0x0000000084700000, 0x0000000084700000|100%| O|  |TAMS 0x0000000084700000, 0x0000000084600000| Untracked 
|  31|0x0000000084700000, 0x0000000084800000, 0x0000000084800000|100%| O|  |TAMS 0x0000000084800000, 0x0000000084700000| Untracked 
|  32|0x0000000084800000, 0x0000000084900000, 0x0000000084900000|100%| O|  |TAMS 0x0000000084900000, 0x0000000084800000| Untracked 
|  33|0x0000000084900000, 0x0000000084a00000, 0x0000000084a00000|100%| O|  |TAMS 0x0000000084a00000, 0x0000000084900000| Untracked 
|  34|0x0000000084a00000, 0x0000000084b00000, 0x0000000084b00000|100%| O|  |TAMS 0x0000000084a00000, 0x0000000084a00000| Untracked 
|  35|0x0000000084b00000, 0x0000000084c00000, 0x0000000084c00000|100%| O|  |TAMS 0x0000000084c00000, 0x0000000084b00000| Untracked 
|  36|0x0000000084c00000, 0x0000000084d00000, 0x0000000084d00000|100%| O|  |TAMS 0x0000000084d00000, 0x0000000084c00000| Untracked 
|  37|0x0000000084d00000, 0x0000000084e00000, 0x0000000084e00000|100%| O|  |TAMS 0x0000000084e00000, 0x0000000084d00000| Untracked 
|  38|0x0000000084e00000, 0x0000000084f00000, 0x0000000084f00000|100%| O|  |TAMS 0x0000000084f00000, 0x0000000084e00000| Untracked 
|  39|0x0000000084f00000, 0x0000000085000000, 0x0000000085000000|100%| O|  |TAMS 0x0000000084f7a600, 0x0000000084f00000| Untracked 
|  40|0x0000000085000000, 0x0000000085100000, 0x0000000085100000|100%| O|  |TAMS 0x0000000085000000, 0x0000000085000000| Untracked 
|  41|0x0000000085100000, 0x0000000085200000, 0x0000000085200000|100%| O|  |TAMS 0x0000000085100000, 0x0000000085100000| Untracked 
|  42|0x0000000085200000, 0x0000000085300000, 0x0000000085300000|100%| O|  |TAMS 0x0000000085200000, 0x0000000085200000| Untracked 
|  43|0x0000000085300000, 0x0000000085400000, 0x0000000085400000|100%| O|  |TAMS 0x0000000085300000, 0x0000000085300000| Untracked 
|  44|0x0000000085400000, 0x0000000085500000, 0x0000000085500000|100%| O|  |TAMS 0x0000000085400000, 0x0000000085400000| Untracked 
|  45|0x0000000085500000, 0x0000000085600000, 0x0000000085600000|100%| O|  |TAMS 0x0000000085500000, 0x0000000085500000| Untracked 
|  46|0x0000000085600000, 0x0000000085700000, 0x0000000085700000|100%| O|  |TAMS 0x0000000085600000, 0x0000000085600000| Untracked 
|  47|0x0000000085700000, 0x0000000085800000, 0x0000000085800000|100%| O|  |TAMS 0x0000000085700000, 0x0000000085700000| Untracked 
|  48|0x0000000085800000, 0x0000000085900000, 0x0000000085900000|100%| O|  |TAMS 0x0000000085800000, 0x0000000085800000| Untracked 
|  49|0x0000000085900000, 0x0000000085a00000, 0x0000000085a00000|100%| O|  |TAMS 0x0000000085900000, 0x0000000085900000| Untracked 
|  50|0x0000000085a00000, 0x0000000085b00000, 0x0000000085b00000|100%| O|  |TAMS 0x0000000085a00000, 0x0000000085a00000| Untracked 
|  51|0x0000000085b00000, 0x0000000085c00000, 0x0000000085c00000|100%| O|  |TAMS 0x0000000085b00000, 0x0000000085b00000| Untracked 
|  52|0x0000000085c00000, 0x0000000085d00000, 0x0000000085d00000|100%| O|  |TAMS 0x0000000085c00000, 0x0000000085c00000| Untracked 
|  53|0x0000000085d00000, 0x0000000085e00000, 0x0000000085e00000|100%| O|  |TAMS 0x0000000085d00000, 0x0000000085d00000| Untracked 
|  54|0x0000000085e00000, 0x0000000085f00000, 0x0000000085f00000|100%| O|  |TAMS 0x0000000085e00000, 0x0000000085e00000| Untracked 
|  55|0x0000000085f00000, 0x0000000086000000, 0x0000000086000000|100%| O|  |TAMS 0x0000000085f00000, 0x0000000085f00000| Untracked 
|  56|0x0000000086000000, 0x000000008600e800, 0x0000000086100000|  5%| O|  |TAMS 0x0000000086000000, 0x0000000086000000| Untracked 
|  57|0x0000000086100000, 0x0000000086100000, 0x0000000086200000|  0%| F|  |TAMS 0x0000000086100000, 0x0000000086100000| Untracked 
|  58|0x0000000086200000, 0x0000000086200000, 0x0000000086300000|  0%| F|  |TAMS 0x0000000086200000, 0x0000000086200000| Untracked 
|  59|0x0000000086300000, 0x0000000086300000, 0x0000000086400000|  0%| F|  |TAMS 0x0000000086300000, 0x0000000086300000| Untracked 
|  60|0x0000000086400000, 0x0000000086400000, 0x0000000086500000|  0%| F|  |TAMS 0x0000000086400000, 0x0000000086400000| Untracked 
|  61|0x0000000086500000, 0x0000000086500000, 0x0000000086600000|  0%| F|  |TAMS 0x0000000086500000, 0x0000000086500000| Untracked 
|  62|0x0000000086600000, 0x0000000086600000, 0x0000000086700000|  0%| F|  |TAMS 0x0000000086600000, 0x0000000086600000| Untracked 
|  63|0x0000000086700000, 0x0000000086700000, 0x0000000086800000|  0%| F|  |TAMS 0x0000000086700000, 0x0000000086700000| Untracked 
|  64|0x0000000086800000, 0x0000000086800000, 0x0000000086900000|  0%| F|  |TAMS 0x0000000086800000, 0x0000000086800000| Untracked 
|  65|0x0000000086900000, 0x0000000086900000, 0x0000000086a00000|  0%| F|  |TAMS 0x0000000086900000, 0x0000000086900000| Untracked 
|  66|0x0000000086a00000, 0x0000000086a00000, 0x0000000086b00000|  0%| F|  |TAMS 0x0000000086a00000, 0x0000000086a00000| Untracked 
|  67|0x0000000086b00000, 0x0000000086b00000, 0x0000000086c00000|  0%| F|  |TAMS 0x0000000086b00000, 0x0000000086b00000| Untracked 
|  68|0x0000000086c00000, 0x0000000086c00000, 0x0000000086d00000|  0%| F|  |TAMS 0x0000000086c00000, 0x0000000086c00000| Untracked 
|  69|0x0000000086d00000, 0x0000000086d00000, 0x0000000086e00000|  0%| F|  |TAMS 0x0000000086d00000, 0x0000000086d00000| Untracked 
|  70|0x0000000086e00000, 0x0000000086e00000, 0x0000000086f00000|  0%| F|  |TAMS 0x0000000086e00000, 0x0000000086e00000| Untracked 
|  71|0x0000000086f00000, 0x0000000086f00000, 0x0000000087000000|  0%| F|  |TAMS 0x0000000086f00000, 0x0000000086f00000| Untracked 
|  72|0x0000000087000000, 0x0000000087000000, 0x0000000087100000|  0%| F|  |TAMS 0x0000000087000000, 0x0000000087000000| Untracked 
|  73|0x0000000087100000, 0x0000000087100000, 0x0000000087200000|  0%| F|  |TAMS 0x0000000087100000, 0x0000000087100000| Untracked 
|  74|0x0000000087200000, 0x0000000087200000, 0x0000000087300000|  0%| F|  |TAMS 0x0000000087200000, 0x0000000087200000| Untracked 
|  75|0x0000000087300000, 0x0000000087300000, 0x0000000087400000|  0%| F|  |TAMS 0x0000000087300000, 0x0000000087300000| Untracked 
|  76|0x0000000087400000, 0x0000000087400000, 0x0000000087500000|  0%| F|  |TAMS 0x0000000087400000, 0x0000000087400000| Untracked 
|  77|0x0000000087500000, 0x0000000087500000, 0x0000000087600000|  0%| F|  |TAMS 0x0000000087500000, 0x0000000087500000| Untracked 
|  78|0x0000000087600000, 0x0000000087600000, 0x0000000087700000|  0%| F|  |TAMS 0x0000000087600000, 0x0000000087600000| Untracked 
|  79|0x0000000087700000, 0x0000000087700000, 0x0000000087800000|  0%| F|  |TAMS 0x0000000087700000, 0x0000000087700000| Untracked 
|  80|0x0000000087800000, 0x0000000087800000, 0x0000000087900000|  0%| F|  |TAMS 0x0000000087800000, 0x0000000087800000| Untracked 
|  81|0x0000000087900000, 0x0000000087900000, 0x0000000087a00000|  0%| F|  |TAMS 0x0000000087900000, 0x0000000087900000| Untracked 
|  82|0x0000000087a00000, 0x0000000087a00000, 0x0000000087b00000|  0%| F|  |TAMS 0x0000000087a00000, 0x0000000087a00000| Untracked 
|  83|0x0000000087b00000, 0x0000000087b00000, 0x0000000087c00000|  0%| F|  |TAMS 0x0000000087b00000, 0x0000000087b00000| Untracked 
|  84|0x0000000087c00000, 0x0000000087c00000, 0x0000000087d00000|  0%| F|  |TAMS 0x0000000087c00000, 0x0000000087c00000| Untracked 
|  85|0x0000000087d00000, 0x0000000087d00000, 0x0000000087e00000|  0%| F|  |TAMS 0x0000000087d00000, 0x0000000087d00000| Untracked 
|  86|0x0000000087e00000, 0x0000000087e00000, 0x0000000087f00000|  0%| F|  |TAMS 0x0000000087e00000, 0x0000000087e00000| Untracked 
|  87|0x0000000087f00000, 0x0000000087f00000, 0x0000000088000000|  0%| F|  |TAMS 0x0000000087f00000, 0x0000000087f00000| Untracked 
|  88|0x0000000088000000, 0x0000000088000000, 0x0000000088100000|  0%| F|  |TAMS 0x0000000088000000, 0x0000000088000000| Untracked 
|  89|0x0000000088100000, 0x0000000088100000, 0x0000000088200000|  0%| F|  |TAMS 0x0000000088100000, 0x0000000088100000| Untracked 
|  90|0x0000000088200000, 0x0000000088200000, 0x0000000088300000|  0%| F|  |TAMS 0x0000000088200000, 0x0000000088200000| Untracked 
|  91|0x0000000088300000, 0x0000000088300000, 0x0000000088400000|  0%| F|  |TAMS 0x0000000088300000, 0x0000000088300000| Untracked 
|  92|0x0000000088400000, 0x0000000088400000, 0x0000000088500000|  0%| F|  |TAMS 0x0000000088400000, 0x0000000088400000| Untracked 
|  93|0x0000000088500000, 0x0000000088500000, 0x0000000088600000|  0%| F|  |TAMS 0x0000000088500000, 0x0000000088500000| Untracked 
|  94|0x0000000088600000, 0x0000000088600000, 0x0000000088700000|  0%| F|  |TAMS 0x0000000088600000, 0x0000000088600000| Untracked 
|  95|0x0000000088700000, 0x0000000088700000, 0x0000000088800000|  0%| F|  |TAMS 0x0000000088700000, 0x0000000088700000| Untracked 
|  96|0x0000000088800000, 0x0000000088800000, 0x0000000088900000|  0%| F|  |TAMS 0x0000000088800000, 0x0000000088800000| Untracked 
|  97|0x0000000088900000, 0x0000000088900000, 0x0000000088a00000|  0%| F|  |TAMS 0x0000000088900000, 0x0000000088900000| Untracked 
|  98|0x0000000088a00000, 0x0000000088a00000, 0x0000000088b00000|  0%| F|  |TAMS 0x0000000088a00000, 0x0000000088a00000| Untracked 
|  99|0x0000000088b00000, 0x0000000088b00000, 0x0000000088c00000|  0%| F|  |TAMS 0x0000000088b00000, 0x0000000088b00000| Untracked 
| 100|0x0000000088c00000, 0x0000000088c00000, 0x0000000088d00000|  0%| F|  |TAMS 0x0000000088c00000, 0x0000000088c00000| Untracked 
| 101|0x0000000088d00000, 0x0000000088d00000, 0x0000000088e00000|  0%| F|  |TAMS 0x0000000088d00000, 0x0000000088d00000| Untracked 
| 102|0x0000000088e00000, 0x0000000088e00000, 0x0000000088f00000|  0%| F|  |TAMS 0x0000000088e00000, 0x0000000088e00000| Untracked 
| 103|0x0000000088f00000, 0x0000000088f00000, 0x0000000089000000|  0%| F|  |TAMS 0x0000000088f00000, 0x0000000088f00000| Untracked 
| 104|0x0000000089000000, 0x0000000089000000, 0x0000000089100000|  0%| F|  |TAMS 0x0000000089000000, 0x0000000089000000| Untracked 
| 105|0x0000000089100000, 0x0000000089100000, 0x0000000089200000|  0%| F|  |TAMS 0x0000000089100000, 0x0000000089100000| Untracked 
| 106|0x0000000089200000, 0x0000000089200000, 0x0000000089300000|  0%| F|  |TAMS 0x0000000089200000, 0x0000000089200000| Untracked 
| 107|0x0000000089300000, 0x0000000089300000, 0x0000000089400000|  0%| F|  |TAMS 0x0000000089300000, 0x0000000089300000| Untracked 
| 108|0x0000000089400000, 0x0000000089400000, 0x0000000089500000|  0%| F|  |TAMS 0x0000000089400000, 0x0000000089400000| Untracked 
| 109|0x0000000089500000, 0x0000000089500000, 0x0000000089600000|  0%| F|  |TAMS 0x0000000089500000, 0x0000000089500000| Untracked 
| 110|0x0000000089600000, 0x0000000089600000, 0x0000000089700000|  0%| F|  |TAMS 0x0000000089600000, 0x0000000089600000| Untracked 
| 111|0x0000000089700000, 0x0000000089700000, 0x0000000089800000|  0%| F|  |TAMS 0x0000000089700000, 0x0000000089700000| Untracked 
| 112|0x0000000089800000, 0x0000000089800000, 0x0000000089900000|  0%| F|  |TAMS 0x0000000089800000, 0x0000000089800000| Untracked 
| 113|0x0000000089900000, 0x0000000089900000, 0x0000000089a00000|  0%| F|  |TAMS 0x0000000089900000, 0x0000000089900000| Untracked 
| 114|0x0000000089a00000, 0x0000000089a00000, 0x0000000089b00000|  0%| F|  |TAMS 0x0000000089a00000, 0x0000000089a00000| Untracked 
| 115|0x0000000089b00000, 0x0000000089b00000, 0x0000000089c00000|  0%| F|  |TAMS 0x0000000089b00000, 0x0000000089b00000| Untracked 
| 116|0x0000000089c00000, 0x0000000089c00000, 0x0000000089d00000|  0%| F|  |TAMS 0x0000000089c00000, 0x0000000089c00000| Untracked 
| 117|0x0000000089d00000, 0x0000000089d00000, 0x0000000089e00000|  0%| F|  |TAMS 0x0000000089d00000, 0x0000000089d00000| Untracked 
| 118|0x0000000089e00000, 0x0000000089e00000, 0x0000000089f00000|  0%| F|  |TAMS 0x0000000089e00000, 0x0000000089e00000| Untracked 
| 119|0x0000000089f00000, 0x0000000089f00000, 0x000000008a000000|  0%| F|  |TAMS 0x0000000089f00000, 0x0000000089f00000| Untracked 
| 120|0x000000008a000000, 0x000000008a000000, 0x000000008a100000|  0%| F|  |TAMS 0x000000008a000000, 0x000000008a000000| Untracked 
| 121|0x000000008a100000, 0x000000008a100000, 0x000000008a200000|  0%| F|  |TAMS 0x000000008a100000, 0x000000008a100000| Untracked 
| 122|0x000000008a200000, 0x000000008a200000, 0x000000008a300000|  0%| F|  |TAMS 0x000000008a200000, 0x000000008a200000| Untracked 
| 123|0x000000008a300000, 0x000000008a300000, 0x000000008a400000|  0%| F|  |TAMS 0x000000008a300000, 0x000000008a300000| Untracked 
| 124|0x000000008a400000, 0x000000008a400000, 0x000000008a500000|  0%| F|  |TAMS 0x000000008a400000, 0x000000008a400000| Untracked 
| 125|0x000000008a500000, 0x000000008a500000, 0x000000008a600000|  0%| F|  |TAMS 0x000000008a500000, 0x000000008a500000| Untracked 
| 126|0x000000008a600000, 0x000000008a600000, 0x000000008a700000|  0%| F|  |TAMS 0x000000008a600000, 0x000000008a600000| Untracked 
| 127|0x000000008a700000, 0x000000008a700000, 0x000000008a800000|  0%| F|  |TAMS 0x000000008a700000, 0x000000008a700000| Untracked 
| 128|0x000000008a800000, 0x000000008a800000, 0x000000008a900000|  0%| F|  |TAMS 0x000000008a800000, 0x000000008a800000| Untracked 
| 129|0x000000008a900000, 0x000000008a900000, 0x000000008aa00000|  0%| F|  |TAMS 0x000000008a900000, 0x000000008a900000| Untracked 
| 130|0x000000008aa00000, 0x000000008aa00000, 0x000000008ab00000|  0%| F|  |TAMS 0x000000008aa00000, 0x000000008aa00000| Untracked 
| 131|0x000000008ab00000, 0x000000008ab00000, 0x000000008ac00000|  0%| F|  |TAMS 0x000000008ab00000, 0x000000008ab00000| Untracked 
| 132|0x000000008ac00000, 0x000000008ad00000, 0x000000008ad00000|100%| S|CS|TAMS 0x000000008ac00000, 0x000000008ac00000| Complete 
| 133|0x000000008ad00000, 0x000000008ad00000, 0x000000008ae00000|  0%| F|  |TAMS 0x000000008ad00000, 0x000000008ad00000| Untracked 
| 134|0x000000008ae00000, 0x000000008ae00000, 0x000000008af00000|  0%| F|  |TAMS 0x000000008ae00000, 0x000000008ae00000| Untracked 
| 135|0x000000008af00000, 0x000000008af00000, 0x000000008b000000|  0%| F|  |TAMS 0x000000008af00000, 0x000000008af00000| Untracked 
| 136|0x000000008b000000, 0x000000008b000000, 0x000000008b100000|  0%| F|  |TAMS 0x000000008b000000, 0x000000008b000000| Untracked 
| 137|0x000000008b100000, 0x000000008b100000, 0x000000008b200000|  0%| F|  |TAMS 0x000000008b100000, 0x000000008b100000| Untracked 
| 138|0x000000008b200000, 0x000000008b200000, 0x000000008b300000|  0%| F|  |TAMS 0x000000008b200000, 0x000000008b200000| Untracked 

Card table byte_map: [0x0000024747090000,0x0000024747480000] _byte_map_base: 0x0000024746c7c000

Marking Bits (Prev, Next): (CMBitMap*) 0x000002473c386d10, (CMBitMap*) 0x000002473c386cd0
 Prev Bits: [0x00000247497d0000, 0x000002474b730000)
 Next Bits: [0x0000024747870000, 0x00000247497d0000)

Polling page: 0x000002473a1f0000

Metaspace:

Usage:
  Non-class:     54.41 MB used.
      Class:      9.48 MB used.
       Both:     63.89 MB used.

Virtual space:
  Non-class space:       56.00 MB reserved,      54.69 MB ( 98%) committed,  7 nodes.
      Class space:        1.00 GB reserved,       9.75 MB ( <1%) committed,  1 nodes.
             Both:        1.05 GB reserved,      64.44 MB (  6%) committed. 

Chunk freelists:
   Non-Class:  401.00 KB
       Class:  2.08 MB
        Both:  2.47 MB

MaxMetaspaceSize: unlimited
CompressedClassSpaceSize: 1.00 GB
Initial GC threshold: 21.00 MB
Current GC threshold: 107.44 MB
CDS: on
MetaspaceReclaimPolicy: balanced
 - commit_granule_bytes: 65536.
 - commit_granule_words: 8192.
 - virtual_space_node_default_size: 1048576.
 - enlarge_chunks_in_place: 1.
 - new_chunks_are_fully_committed: 0.
 - uncommit_free_chunks: 1.
 - use_allocation_guard: 0.
 - handle_deallocations: 1.


Internal statistics:

num_allocs_failed_limit: 9.
num_arena_births: 794.
num_arena_deaths: 2.
num_vsnodes_births: 8.
num_vsnodes_deaths: 0.
num_space_committed: 1031.
num_space_uncommitted: 0.
num_chunks_returned_to_freelist: 12.
num_chunks_taken_from_freelist: 3189.
num_chunk_merges: 9.
num_chunk_splits: 2353.
num_chunks_enlarged: 1830.
num_purges: 2.
num_inconsistent_stats: 0.

CodeCache: size=49152Kb used=11222Kb max_used=12883Kb free=37929Kb
 bounds [0x0000024743b90000, 0x0000024744830000, 0x0000024746b90000]
 total_blobs=6850 nmethods=6207 adapters=569
 compilation: enabled
              stopped_count=0, restarted_count=0
 full_count=0

Compilation events (20 events):
Event: 9.344 Thread 0x000002474e1f3940 6197       1       java.security.ProtectionDomain$Key::<init> (5 bytes)
Event: 9.344 Thread 0x000002474e1f3940 nmethod 6197 0x0000024743dcef90 code [0x0000024743dcf120, 0x0000024743dcf1d8]
Event: 9.345 Thread 0x000002474e1f3940 6198   !   1       java.io.ObjectOutputStream::writeObject (38 bytes)
Event: 9.345 Thread 0x000002474e1f3940 nmethod 6198 0x0000024743dceb90 code [0x0000024743dced40, 0x0000024743dceeb8]
Event: 9.345 Thread 0x000002474e1f3940 6199       1       java.util.concurrent.atomic.AtomicInteger::decrementAndGet (14 bytes)
Event: 9.346 Thread 0x000002474e1f3940 nmethod 6199 0x0000024743dce890 code [0x0000024743dcea20, 0x0000024743dceaf8]
Event: 9.347 Thread 0x000002474e1f3940 6200       1       java.io.ObjectStreamClass$FieldReflectorKey::hashCode (5 bytes)
Event: 9.347 Thread 0x000002474e1f3940 nmethod 6200 0x0000024743dce590 code [0x0000024743dce720, 0x0000024743dce7f8]
Event: 9.397 Thread 0x000002474e1f3940 6201   !   1       sun.nio.fs.WindowsChannelFactory::open (457 bytes)
Event: 9.400 Thread 0x000002474e1f3940 nmethod 6201 0x0000024743dcd210 code [0x0000024743dcd460, 0x0000024743dcdca8]
Event: 9.400 Thread 0x000002474e1f3940 6202       1       sun.nio.fs.WindowsChannelFactory$Flags::<init> (20 bytes)
Event: 9.400 Thread 0x000002474e1f3940 nmethod 6202 0x0000024743dccf10 code [0x0000024743dcd0a0, 0x0000024743dcd178]
Event: 9.400 Thread 0x000002474e1f3940 6203   !   1       sun.nio.fs.WindowsNativeDispatcher::CreateFile (41 bytes)
Event: 9.401 Thread 0x000002474e1f3940 nmethod 6203 0x0000024743dcc990 code [0x0000024743dccb40, 0x0000024743dcccf8]
Event: 9.401 Thread 0x000002474e1f3940 6205       1       sun.nio.fs.WindowsChannelFactory::newFileChannel (130 bytes)
Event: 9.401 Thread 0x000002474e1f3940 nmethod 6205 0x0000024743dcc290 code [0x0000024743dcc460, 0x0000024743dcc7e8]
Event: 9.401 Thread 0x000002474e1f3940 6206       1       sun.nio.fs.WindowsChannelFactory$Flags::toFlags (320 bytes)
Event: 9.402 Thread 0x000002474e1f3940 nmethod 6206 0x0000024743dcaf10 code [0x0000024743dcb1c0, 0x0000024743dcbd18]
Event: 9.432 Thread 0x000002474e1f3940 6207   !   1       sun.nio.fs.WindowsLinkSupport::getRealPath (500 bytes)
Event: 9.436 Thread 0x000002474e1f3940 nmethod 6207 0x0000024743dc7d10 code [0x0000024743dc8200, 0x0000024743dc9b58]

GC Heap History (20 events):
Event: 7.185 GC heap after
{Heap after GC invocations=20 (full 0):
 garbage-first heap   total 66560K, used 32006K [0x0000000082800000, 0x0000000100000000)
  region size 1024K, 3 young (3072K), 3 survivors (3072K)
 Metaspace       used 61398K, committed 61952K, reserved 1105920K
  class space    used 9135K, committed 9408K, reserved 1048576K
}
Event: 7.246 GC heap before
{Heap before GC invocations=20 (full 0):
 garbage-first heap   total 66560K, used 53510K [0x0000000082800000, 0x0000000100000000)
  region size 1024K, 24 young (24576K), 3 survivors (3072K)
 Metaspace       used 61424K, committed 62016K, reserved 1105920K
  class space    used 9142K, committed 9408K, reserved 1048576K
}
Event: 7.251 GC heap after
{Heap after GC invocations=21 (full 0):
 garbage-first heap   total 79872K, used 33883K [0x0000000082800000, 0x0000000100000000)
  region size 1024K, 3 young (3072K), 3 survivors (3072K)
 Metaspace       used 61424K, committed 62016K, reserved 1105920K
  class space    used 9142K, committed 9408K, reserved 1048576K
}
Event: 7.474 GC heap before
{Heap before GC invocations=22 (full 0):
 garbage-first heap   total 79872K, used 63579K [0x0000000082800000, 0x0000000100000000)
  region size 1024K, 32 young (32768K), 3 survivors (3072K)
 Metaspace       used 62350K, committed 62976K, reserved 1105920K
  class space    used 9284K, committed 9600K, reserved 1048576K
}
Event: 7.478 GC heap after
{Heap after GC invocations=23 (full 0):
 garbage-first heap   total 79872K, used 35423K [0x0000000082800000, 0x0000000100000000)
  region size 1024K, 4 young (4096K), 4 survivors (4096K)
 Metaspace       used 62350K, committed 62976K, reserved 1105920K
  class space    used 9284K, committed 9600K, reserved 1048576K
}
Event: 7.933 GC heap before
{Heap before GC invocations=23 (full 0):
 garbage-first heap   total 79872K, used 64095K [0x0000000082800000, 0x0000000100000000)
  region size 1024K, 32 young (32768K), 4 survivors (4096K)
 Metaspace       used 65142K, committed 65792K, reserved 1105920K
  class space    used 9675K, committed 9984K, reserved 1048576K
}
Event: 7.940 GC heap after
{Heap after GC invocations=24 (full 0):
 garbage-first heap   total 79872K, used 37635K [0x0000000082800000, 0x0000000100000000)
  region size 1024K, 4 young (4096K), 4 survivors (4096K)
 Metaspace       used 65142K, committed 65792K, reserved 1105920K
  class space    used 9675K, committed 9984K, reserved 1048576K
}
Event: 8.087 GC heap before
{Heap before GC invocations=24 (full 0):
 garbage-first heap   total 79872K, used 64259K [0x0000000082800000, 0x0000000100000000)
  region size 1024K, 30 young (30720K), 4 survivors (4096K)
 Metaspace       used 65328K, committed 65920K, reserved 1105920K
  class space    used 9693K, committed 9984K, reserved 1048576K
}
Event: 8.094 GC heap after
{Heap after GC invocations=25 (full 0):
 garbage-first heap   total 79872K, used 42844K [0x0000000082800000, 0x0000000100000000)
  region size 1024K, 4 young (4096K), 4 survivors (4096K)
 Metaspace       used 65328K, committed 65920K, reserved 1105920K
  class space    used 9693K, committed 9984K, reserved 1048576K
}
Event: 8.244 GC heap before
{Heap before GC invocations=25 (full 0):
 garbage-first heap   total 79872K, used 62300K [0x0000000082800000, 0x0000000100000000)
  region size 1024K, 24 young (24576K), 4 survivors (4096K)
 Metaspace       used 65423K, committed 65984K, reserved 1105920K
  class space    used 9706K, committed 9984K, reserved 1048576K
}
Event: 8.252 GC heap after
{Heap after GC invocations=26 (full 0):
 garbage-first heap   total 79872K, used 49171K [0x0000000082800000, 0x0000000100000000)
  region size 1024K, 3 young (3072K), 3 survivors (3072K)
 Metaspace       used 65423K, committed 65984K, reserved 1105920K
  class space    used 9706K, committed 9984K, reserved 1048576K
}
Event: 8.320 GC heap before
{Heap before GC invocations=26 (full 0):
 garbage-first heap   total 94208K, used 62483K [0x0000000082800000, 0x0000000100000000)
  region size 1024K, 16 young (16384K), 3 survivors (3072K)
 Metaspace       used 65420K, committed 65984K, reserved 1105920K
  class space    used 9706K, committed 9984K, reserved 1048576K
}
Event: 9.340 GC heap after
{Heap after GC invocations=27 (full 0):
 garbage-first heap   total 142336K, used 54083K [0x0000000082800000, 0x0000000100000000)
  region size 1024K, 2 young (2048K), 2 survivors (2048K)
 Metaspace       used 65420K, committed 65984K, reserved 1105920K
  class space    used 9706K, committed 9984K, reserved 1048576K
}
Event: 9.368 GC heap before
{Heap before GC invocations=28 (full 0):
 garbage-first heap   total 142336K, used 57155K [0x0000000082800000, 0x0000000100000000)
  region size 1024K, 6 young (6144K), 2 survivors (2048K)
 Metaspace       used 65420K, committed 65984K, reserved 1105920K
  class space    used 9706K, committed 9984K, reserved 1048576K
}
Event: 9.370 GC heap after
{Heap after GC invocations=29 (full 0):
 garbage-first heap   total 142336K, used 54178K [0x0000000082800000, 0x0000000100000000)
  region size 1024K, 1 young (1024K), 1 survivors (1024K)
 Metaspace       used 65420K, committed 65984K, reserved 1105920K
  class space    used 9706K, committed 9984K, reserved 1048576K
}
Event: 9.398 GC heap before
{Heap before GC invocations=29 (full 0):
 garbage-first heap   total 142336K, used 58274K [0x0000000082800000, 0x0000000100000000)
  region size 1024K, 6 young (6144K), 1 survivors (1024K)
 Metaspace       used 65420K, committed 65984K, reserved 1105920K
  class space    used 9706K, committed 9984K, reserved 1048576K
}
Event: 9.400 GC heap after
{Heap after GC invocations=30 (full 0):
 garbage-first heap   total 142336K, used 55316K [0x0000000082800000, 0x0000000100000000)
  region size 1024K, 1 young (1024K), 1 survivors (1024K)
 Metaspace       used 65420K, committed 65984K, reserved 1105920K
  class space    used 9706K, committed 9984K, reserved 1048576K
}
Event: 9.420 GC heap before
{Heap before GC invocations=30 (full 0):
 garbage-first heap   total 142336K, used 60436K [0x0000000082800000, 0x0000000100000000)
  region size 1024K, 6 young (6144K), 1 survivors (1024K)
 Metaspace       used 65420K, committed 65984K, reserved 1105920K
  class space    used 9706K, committed 9984K, reserved 1048576K
}
Event: 9.421 GC heap after
{Heap after GC invocations=31 (full 0):
 garbage-first heap   total 142336K, used 56580K [0x0000000082800000, 0x0000000100000000)
  region size 1024K, 1 young (1024K), 1 survivors (1024K)
 Metaspace       used 65420K, committed 65984K, reserved 1105920K
  class space    used 9706K, committed 9984K, reserved 1048576K
}
Event: 9.448 GC heap before
{Heap before GC invocations=31 (full 0):
 garbage-first heap   total 142336K, used 61700K [0x0000000082800000, 0x0000000100000000)
  region size 1024K, 6 young (6144K), 1 survivors (1024K)
 Metaspace       used 65420K, committed 65984K, reserved 1105920K
  class space    used 9706K, committed 9984K, reserved 1048576K
}

Deoptimization events (20 events):
Event: 2.211 Thread 0x000002474f6cc470 DEOPT PACKING pc=0x0000024744157899 sp=0x000000c6ef6fc830
Event: 2.211 Thread 0x000002474f6cc470 DEOPT UNPACKING pc=0x0000024743be2b43 sp=0x000000c6ef6fbd10 mode 3
Event: 2.389 Thread 0x000002474f6cc470 DEOPT PACKING pc=0x00000247441a31d5 sp=0x000000c6ef6fcd50
Event: 2.389 Thread 0x000002474f6cc470 DEOPT UNPACKING pc=0x0000024743be2b43 sp=0x000000c6ef6fc1f8 mode 3
Event: 3.330 Thread 0x000002474f6cc470 DEOPT PACKING pc=0x00000247443c7e19 sp=0x000000c6ef6fc280
Event: 3.330 Thread 0x000002474f6cc470 DEOPT UNPACKING pc=0x0000024743be2b43 sp=0x000000c6ef6fb760 mode 3
Event: 3.599 Thread 0x000002474f6cc470 DEOPT PACKING pc=0x000002474441bfbd sp=0x000000c6ef6fbb00
Event: 3.599 Thread 0x000002474f6cc470 DEOPT UNPACKING pc=0x0000024743be2b43 sp=0x000000c6ef6fb018 mode 3
Event: 4.133 Thread 0x000002474f6cc470 DEOPT PACKING pc=0x0000024744460a1d sp=0x000000c6ef6f54f0
Event: 4.133 Thread 0x000002474f6cc470 DEOPT UNPACKING pc=0x0000024743be2b43 sp=0x000000c6ef6f4a58 mode 3
Event: 4.456 Thread 0x0000024750d8f9e0 DEOPT PACKING pc=0x00000247440cf217 sp=0x000000c6efdff160
Event: 4.456 Thread 0x0000024750d8f9e0 DEOPT UNPACKING pc=0x0000024743be2b43 sp=0x000000c6efdfe5b8 mode 3
Event: 6.547 Thread 0x000002474f6cc470 DEOPT PACKING pc=0x000002474416eea4 sp=0x000000c6ef6fa890
Event: 6.547 Thread 0x000002474f6cc470 DEOPT UNPACKING pc=0x0000024743be2b43 sp=0x000000c6ef6f9de8 mode 0
Event: 7.082 Thread 0x000002474f6cc470 DEOPT PACKING pc=0x00000247441cbea2 sp=0x000000c6ef6fc0d0
Event: 7.082 Thread 0x000002474f6cc470 DEOPT UNPACKING pc=0x0000024743be2b43 sp=0x000000c6ef6fb5d8 mode 3
Event: 7.082 Thread 0x000002474f6cc470 DEOPT PACKING pc=0x0000024744177315 sp=0x000000c6ef6fc090
Event: 7.082 Thread 0x000002474f6cc470 DEOPT UNPACKING pc=0x0000024743be2b43 sp=0x000000c6ef6fb5d8 mode 3
Event: 7.922 Thread 0x000002474f6cc470 DEOPT PACKING pc=0x00000247447819fb sp=0x000000c6ef6fa450
Event: 7.922 Thread 0x000002474f6cc470 DEOPT UNPACKING pc=0x0000024743be2b43 sp=0x000000c6ef6f9998 mode 3

Classes unloaded (1 events):
Event: 8.296 Thread 0x000002474e1cc860 Unloading class 0x000000080152c000 'jdk/internal/reflect/GeneratedSerializationConstructorAccessor18'

Classes redefined (0 events):
No events

Internal exceptions (20 events):
Event: 8.232 Thread 0x0000024750d90380 Exception <a 'sun/nio/fs/WindowsException'{0x000000008624f860}> (0x000000008624f860) 
thrown [s\open\src\hotspot\share\prims\jni.cpp, line 516]
Event: 8.232 Thread 0x0000024750d90380 Exception <a 'sun/nio/fs/WindowsException'{0x0000000086250118}> (0x0000000086250118) 
thrown [s\open\src\hotspot\share\prims\jni.cpp, line 516]
Event: 8.232 Thread 0x0000024750d90380 Exception <a 'sun/nio/fs/WindowsException'{0x00000000862503a0}> (0x00000000862503a0) 
thrown [s\open\src\hotspot\share\prims\jni.cpp, line 516]
Event: 8.232 Thread 0x0000024750d90380 Exception <a 'sun/nio/fs/WindowsException'{0x0000000086250c30}> (0x0000000086250c30) 
thrown [s\open\src\hotspot\share\prims\jni.cpp, line 516]
Event: 8.233 Thread 0x0000024750d90380 Exception <a 'sun/nio/fs/WindowsException'{0x0000000086250e88}> (0x0000000086250e88) 
thrown [s\open\src\hotspot\share\prims\jni.cpp, line 516]
Event: 8.234 Thread 0x0000024750d90380 Exception <a 'sun/nio/fs/WindowsException'{0x00000000862516f0}> (0x00000000862516f0) 
thrown [s\open\src\hotspot\share\prims\jni.cpp, line 516]
Event: 8.234 Thread 0x0000024750d90380 Exception <a 'sun/nio/fs/WindowsException'{0x0000000086251910}> (0x0000000086251910) 
thrown [s\open\src\hotspot\share\prims\jni.cpp, line 516]
Event: 8.234 Thread 0x0000024750d90380 Exception <a 'sun/nio/fs/WindowsException'{0x0000000086252188}> (0x0000000086252188) 
thrown [s\open\src\hotspot\share\prims\jni.cpp, line 516]
Event: 8.234 Thread 0x0000024750d90380 Exception <a 'sun/nio/fs/WindowsException'{0x00000000862523c0}> (0x00000000862523c0) 
thrown [s\open\src\hotspot\share\prims\jni.cpp, line 516]
Event: 8.234 Thread 0x0000024750d90380 Exception <a 'sun/nio/fs/WindowsException'{0x0000000086252c28}> (0x0000000086252c28) 
thrown [s\open\src\hotspot\share\prims\jni.cpp, line 516]
Event: 8.234 Thread 0x0000024750d90380 Exception <a 'sun/nio/fs/WindowsException'{0x0000000086252e50}> (0x0000000086252e50) 
thrown [s\open\src\hotspot\share\prims\jni.cpp, line 516]
Event: 8.235 Thread 0x0000024750d90380 Exception <a 'sun/nio/fs/WindowsException'{0x00000000862536c8}> (0x00000000862536c8) 
thrown [s\open\src\hotspot\share\prims\jni.cpp, line 516]
Event: 8.235 Thread 0x0000024750d90380 Exception <a 'sun/nio/fs/WindowsException'{0x0000000086253900}> (0x0000000086253900) 
thrown [s\open\src\hotspot\share\prims\jni.cpp, line 516]
Event: 8.235 Thread 0x0000024750d90380 Exception <a 'sun/nio/fs/WindowsException'{0x0000000086254190}> (0x0000000086254190) 
thrown [s\open\src\hotspot\share\prims\jni.cpp, line 516]
Event: 8.235 Thread 0x0000024750d90380 Exception <a 'sun/nio/fs/WindowsException'{0x00000000862543e8}> (0x00000000862543e8) 
thrown [s\open\src\hotspot\share\prims\jni.cpp, line 516]
Event: 8.235 Thread 0x0000024750d90380 Exception <a 'sun/nio/fs/WindowsException'{0x0000000086254c90}> (0x0000000086254c90) 
thrown [s\open\src\hotspot\share\prims\jni.cpp, line 516]
Event: 8.235 Thread 0x0000024750d90380 Exception <a 'sun/nio/fs/WindowsException'{0x0000000086254f00}> (0x0000000086254f00) 
thrown [s\open\src\hotspot\share\prims\jni.cpp, line 516]
Event: 8.235 Thread 0x0000024750d90380 Exception <a 'sun/nio/fs/WindowsException'{0x00000000862557a0}> (0x00000000862557a0) 
thrown [s\open\src\hotspot\share\prims\jni.cpp, line 516]
Event: 8.236 Thread 0x0000024750d90380 Exception <a 'sun/nio/fs/WindowsException'{0x0000000086255a08}> (0x0000000086255a08) 
thrown [s\open\src\hotspot\share\prims\jni.cpp, line 516]
Event: 9.350 Thread 0x0000024750499100 Exception <a 'java/lang/reflect/InvocationTargetException'{0x000000008b02e4f8}> (0x000000008b02e4f8) 
thrown [s\open\src\hotspot\share\runtime\reflection.cpp, line 1121]

VM Operations (20 events):
Event: 7.940 Executing VM operation: G1CollectForAllocation done
Event: 8.087 Executing VM operation: G1CollectForAllocation
Event: 8.095 Executing VM operation: G1CollectForAllocation done
Event: 8.172 Executing VM operation: HandshakeAllThreads
Event: 8.172 Executing VM operation: HandshakeAllThreads done
Event: 8.243 Executing VM operation: G1CollectForAllocation
Event: 8.259 Executing VM operation: G1CollectForAllocation done
Event: 8.295 Executing VM operation: G1Concurrent
Event: 8.303 Executing VM operation: G1Concurrent done
Event: 8.319 Executing VM operation: G1CollectForAllocation
Event: 9.341 Executing VM operation: G1CollectForAllocation done
Event: 9.345 Executing VM operation: G1Concurrent
Event: 9.348 Executing VM operation: G1Concurrent done
Event: 9.368 Executing VM operation: G1CollectForAllocation
Event: 9.370 Executing VM operation: G1CollectForAllocation done
Event: 9.398 Executing VM operation: G1CollectForAllocation
Event: 9.402 Executing VM operation: G1CollectForAllocation done
Event: 9.420 Executing VM operation: G1CollectForAllocation
Event: 9.421 Executing VM operation: G1CollectForAllocation done
Event: 9.448 Executing VM operation: G1CollectForAllocation

Events (20 events):
Event: 8.190 Thread 0x0000024750d90380 Thread exited: 0x0000024750d90380
Event: 8.228 Thread 0x0000024750d8f040 Thread added: 0x0000024750d8f040
Event: 8.228 Thread 0x0000024750d90380 Thread added: 0x0000024750d90380
Event: 8.228 Thread 0x0000024750d90d20 Thread added: 0x0000024750d90d20
Event: 8.228 Thread 0x0000024750d916c0 Thread added: 0x0000024750d916c0
Event: 8.229 Thread 0x0000024750d91b90 Thread added: 0x0000024750d91b90
Event: 8.229 Thread 0x0000024750d8e6a0 Thread added: 0x0000024750d8e6a0
Event: 8.229 Thread 0x0000024750d8e1d0 Thread added: 0x0000024750d8e1d0
Event: 8.229 Thread 0x0000024755152340 Thread added: 0x0000024755152340
Event: 8.229 Thread 0x0000024755151000 Thread added: 0x0000024755151000
Event: 8.229 Thread 0x0000024755150b30 Thread added: 0x0000024755150b30
Event: 8.229 Thread 0x0000024755151e70 Thread added: 0x0000024755151e70
Event: 8.229 Thread 0x0000024755150190 Thread added: 0x0000024755150190
Event: 8.229 Thread 0x00000247551514d0 Thread added: 0x00000247551514d0
Event: 8.229 Thread 0x000002475514f7f0 Thread added: 0x000002475514f7f0
Event: 9.344 Thread 0x000002474ecbca20 Thread exited: 0x000002474ecbca20
Event: 9.344 Thread 0x000002474ecba500 Thread exited: 0x000002474ecba500
Event: 9.345 Thread 0x00000247551519a0 Thread added: 0x00000247551519a0
Event: 9.345 Thread 0x000002474ecb1fe0 Thread exited: 0x000002474ecb1fe0
Event: 9.351 Thread 0x00000247551519a0 Thread exited: 0x00000247551519a0


Dynamic libraries:
0x00007ff73a070000 - 0x00007ff73a080000 	C:\Program Files\Java\jdk-17\bin\java.exe
0x00007fff3eae0000 - 0x00007fff3ed43000 	C:\WINDOWS\SYSTEM32\ntdll.dll
0x00007fff3cb30000 - 0x00007fff3cbf7000 	C:\WINDOWS\System32\KERNEL32.DLL
0x00007fff3bdc0000 - 0x00007fff3c189000 	C:\WINDOWS\System32\KERNELBASE.dll
0x00007fff3c2d0000 - 0x00007fff3c41c000 	C:\WINDOWS\System32\ucrtbase.dll
0x00007fff04670000 - 0x00007fff04689000 	C:\Program Files\Java\jdk-17\bin\jli.dll
0x00007ffefb310000 - 0x00007ffefb32b000 	C:\Program Files\Java\jdk-17\bin\VCRUNTIME140.dll
0x00007fff3d090000 - 0x00007fff3d142000 	C:\WINDOWS\System32\ADVAPI32.dll
0x00007fff3ca80000 - 0x00007fff3cb29000 	C:\WINDOWS\System32\msvcrt.dll
0x00007fff3de00000 - 0x00007fff3dea6000 	C:\WINDOWS\System32\sechost.dll
0x00007fff3e5f0000 - 0x00007fff3e706000 	C:\WINDOWS\System32\RPCRT4.dll
0x00007fff3d5b0000 - 0x00007fff3d77a000 	C:\WINDOWS\System32\USER32.dll
0x00007fff3bce0000 - 0x00007fff3bd07000 	C:\WINDOWS\System32\win32u.dll
0x00007fff3da80000 - 0x00007fff3daaa000 	C:\WINDOWS\System32\GDI32.dll
0x00007fff3c190000 - 0x00007fff3c2c1000 	C:\WINDOWS\System32\gdi32full.dll
0x00007fff3bd10000 - 0x00007fff3bdb3000 	C:\WINDOWS\System32\msvcp_win.dll
0x00007fff25fe0000 - 0x00007fff26270000 	C:\WINDOWS\WinSxS\amd64_microsoft.windows.common-controls_6595b64144ccf1df_6.0.26100.3323_none_3e088096e3344490\COMCTL32.dll
0x00007fff34d20000 - 0x00007fff34d2b000 	C:\WINDOWS\SYSTEM32\VERSION.dll
0x00007fff3ddc0000 - 0x00007fff3ddef000 	C:\WINDOWS\System32\IMM32.DLL
0x00007fff07e40000 - 0x00007fff07e4c000 	C:\Program Files\Java\jdk-17\bin\vcruntime140_1.dll
0x00007ffeed590000 - 0x00007ffeed61e000 	C:\Program Files\Java\jdk-17\bin\msvcp140.dll
0x00007ffeace60000 - 0x00007ffeada3d000 	C:\Program Files\Java\jdk-17\bin\server\jvm.dll
0x00007fff3deb0000 - 0x00007fff3deb8000 	C:\WINDOWS\System32\PSAPI.DLL
0x00007fff34430000 - 0x00007fff3443a000 	C:\WINDOWS\SYSTEM32\WSOCK32.dll
0x00007fff34580000 - 0x00007fff345b6000 	C:\WINDOWS\SYSTEM32\WINMM.dll
0x00007fff3d7a0000 - 0x00007fff3d814000 	C:\WINDOWS\System32\WS2_32.dll
0x00007fff3abe0000 - 0x00007fff3abfa000 	C:\WINDOWS\SYSTEM32\kernel.appcore.dll
0x00007fff07dd0000 - 0x00007fff07dda000 	C:\Program Files\Java\jdk-17\bin\jimage.dll
0x00007fff39660000 - 0x00007fff398a1000 	C:\WINDOWS\SYSTEM32\DBGHELP.DLL
0x00007fff3e710000 - 0x00007fff3ea92000 	C:\WINDOWS\System32\combase.dll
0x00007fff3d820000 - 0x00007fff3d8f6000 	C:\WINDOWS\System32\OLEAUT32.dll
0x00007fff227a0000 - 0x00007fff227d9000 	C:\WINDOWS\SYSTEM32\dbgcore.DLL
0x00007fff3c570000 - 0x00007fff3c609000 	C:\WINDOWS\System32\bcryptPrimitives.dll
0x00007fff2aa20000 - 0x00007fff2aa2e000 	C:\Program Files\Java\jdk-17\bin\instrument.dll
0x00007ffefb1d0000 - 0x00007ffefb1f5000 	C:\Program Files\Java\jdk-17\bin\java.dll
0x00007ffee5cc0000 - 0x00007ffee5d97000 	C:\Program Files\Java\jdk-17\bin\jsvml.dll
0x00007fff3dec0000 - 0x00007fff3e5d5000 	C:\WINDOWS\System32\SHELL32.dll
0x00007fff3c610000 - 0x00007fff3c778000 	C:\WINDOWS\System32\wintypes.dll
0x00007fff399a0000 - 0x00007fff3a1e5000 	C:\WINDOWS\SYSTEM32\windows.storage.dll
0x00007fff3d990000 - 0x00007fff3da7b000 	C:\WINDOWS\System32\SHCORE.dll
0x00007fff3d150000 - 0x00007fff3d1ad000 	C:\WINDOWS\System32\shlwapi.dll
0x00007fff3bbf0000 - 0x00007fff3bc1f000 	C:\WINDOWS\SYSTEM32\profapi.dll
0x00007fff10c70000 - 0x00007fff10c88000 	C:\Program Files\Java\jdk-17\bin\zip.dll
0x00007fff37d00000 - 0x00007fff37d19000 	C:\Program Files\Java\jdk-17\bin\net.dll
0x00007fff340d0000 - 0x00007fff341ee000 	C:\WINDOWS\SYSTEM32\WINHTTP.dll
0x00007fff3b110000 - 0x00007fff3b17a000 	C:\WINDOWS\system32\mswsock.dll
0x00007fff10c90000 - 0x00007fff10ca6000 	C:\Program Files\Java\jdk-17\bin\nio.dll
0x00007fff26740000 - 0x00007fff2675a000 	C:\Program Files\JetBrains\IntelliJ IDEA 2023.2.4\bin\breakgen64.dll
0x00007fff3a640000 - 0x00007fff3a765000 	C:\WINDOWS\SYSTEM32\DNSAPI.dll
0x00007fff3a5a0000 - 0x00007fff3a5d3000 	C:\WINDOWS\SYSTEM32\IPHLPAPI.DLL
0x00007fff3ddb0000 - 0x00007fff3ddba000 	C:\WINDOWS\System32\NSI.dll
0x00007fff2e880000 - 0x00007fff2e88b000 	C:\Windows\System32\rasadhlp.dll
0x00007fff32ec0000 - 0x00007fff32f45000 	C:\WINDOWS\System32\fwpuclnt.dll
0x00007fff37cc0000 - 0x00007fff37cca000 	C:\Program Files\Java\jdk-17\bin\management.dll
0x00007fff2aa60000 - 0x00007fff2aa6b000 	C:\Program Files\Java\jdk-17\bin\management_ext.dll
0x00007fff3b3d0000 - 0x00007fff3b3ec000 	C:\WINDOWS\SYSTEM32\CRYPTSP.dll
0x00007fff3ab40000 - 0x00007fff3ab7a000 	C:\WINDOWS\system32\rsaenh.dll
0x00007fff3b1d0000 - 0x00007fff3b1fb000 	C:\WINDOWS\SYSTEM32\USERENV.dll
0x00007fff3b610000 - 0x00007fff3b636000 	C:\WINDOWS\SYSTEM32\bcrypt.dll
0x00007fff3b3f0000 - 0x00007fff3b3fc000 	C:\WINDOWS\SYSTEM32\CRYPTBASE.dll
0x00007fff34440000 - 0x00007fff3445f000 	C:\WINDOWS\SYSTEM32\dhcpcsvc6.DLL
0x00007fff33f70000 - 0x00007fff33f95000 	C:\WINDOWS\SYSTEM32\dhcpcsvc.DLL
0x00007fff33c30000 - 0x00007fff33c48000 	C:\WINDOWS\system32\napinsp.dll
0x00007fff33bf0000 - 0x00007fff33c02000 	C:\WINDOWS\System32\winrnr.dll
0x00007fff33930000 - 0x00007fff33952000 	C:\WINDOWS\system32\nlansp_c.dll
0x00007fff33c10000 - 0x00007fff33c26000 	C:\WINDOWS\system32\wshbth.dll
0x00007fff2aa30000 - 0x00007fff2aa3d000 	C:\Program Files\Java\jdk-17\bin\sunmscapi.dll
0x00007fff3c780000 - 0x00007fff3c8f7000 	C:\WINDOWS\System32\CRYPT32.dll
0x00007fff3b5d0000 - 0x00007fff3b600000 	C:\WINDOWS\SYSTEM32\ncrypt.dll
0x00007fff3b580000 - 0x00007fff3b5bf000 	C:\WINDOWS\SYSTEM32\NTASN1.dll
0x00007fff10c10000 - 0x00007fff10c20000 	C:\Program Files\Java\jdk-17\bin\verify.dll

dbghelp: loaded successfully - version: 4.0.5 - missing functions: none
symbol engine: initialized successfully - sym options: 0x614 - pdb path: .;C:\Program Files\Java\jdk-17\bin;C:\WINDOWS\SYSTEM32;C:\WINDOWS\WinSxS\amd64_microsoft.windows.common-controls_6595b64144ccf1df_6.0.26100.3323_none_3e088096e3344490;C:\Program Files\Java\jdk-17\bin\server;C:\Program Files\JetBrains\IntelliJ IDEA 2023.2.4\bin

VM Arguments:
jvm_args: -XX:TieredStopAtLevel=1 -Dspring.output.ansi.enabled=always -Dcom.sun.management.jmxremote -Dspring.jmx.enabled=true -Dspring.liveBeansView.mbeanDomain -Dspring.application.admin.enabled=true -Dmanagement.endpoints.jmx.exposure.include=* -javaagent:C:\Program Files\JetBrains\IntelliJ IDEA 2023.2.4\lib\idea_rt.jar=61085:C:\Program Files\JetBrains\IntelliJ IDEA 2023.2.4\bin -Dfile.encoding=UTF-8 
java_command: com.example.gradwork.GradworkApplication
java_class_path (initial): D:\Gradwork\Gradwork\target\classes;C:\Users\86189\.m2\repository\org\springframework\boot\spring-boot-starter-web\3.1.4\spring-boot-starter-web-3.1.4.jar;C:\Users\86189\.m2\repository\org\springframework\boot\spring-boot-starter\3.1.4\spring-boot-starter-3.1.4.jar;C:\Users\86189\.m2\repository\org\springframework\boot\spring-boot-starter-logging\3.1.4\spring-boot-starter-logging-3.1.4.jar;C:\Users\86189\.m2\repository\ch\qos\logback\logback-classic\1.4.11\logback-classic-1.4.11.jar;C:\Users\86189\.m2\repository\ch\qos\logback\logback-core\1.4.11\logback-core-1.4.11.jar;C:\Users\86189\.m2\repository\org\apache\logging\log4j\log4j-to-slf4j\2.20.0\log4j-to-slf4j-2.20.0.jar;C:\Users\86189\.m2\repository\org\apache\logging\log4j\log4j-api\2.20.0\log4j-api-2.20.0.jar;C:\Users\86189\.m2\repository\org\slf4j\jul-to-slf4j\2.0.9\jul-to-slf4j-2.0.9.jar;C:\Users\86189\.m2\repository\jakarta\annotation\jakarta.annotation-api\2.1.1\jakarta.annotation-api-2.1.1.jar;C:\Users\86189\.m2\repository\org\yaml\snakeyaml\1.33\snakeyaml-1.33.jar;C:\Users\86189\.m2\repository\org\springframework\boot\spring-boot-starter-json\3.1.4\spring-boot-starter-json-3.1.4.jar;C:\Users\86189\.m2\repository\com\fasterxml\jackson\datatype\jackson-datatype-jdk8\2.15.2\jackson-datatype-jdk8-2.15.2.jar;C:\Users\86189\.m2\repository\com\fasterxml\jackson\datatype\jackson-datatype-jsr310\2.15.2\jackson-datatype-jsr310-2.15.2.jar;C:\Users\86189\.m2\repository\com\fasterxml\jackson\module\jackson-module-parameter-names\2.15.2\jackson-module-parameter-names-2.15.2.jar;C:\Users\86189\.m2\repository\org\springframework\boot\spring-boot-starter-tomcat\3.1.4\spring-boot-starter-tomcat-3.1.4.jar;C:\Users\86189\.m2\repository\org\apache\tomcat\embed\tomcat-embed-core\10.1.13\tomcat-embed-core-10.1.13.jar;C:\Users\86189\.m2\repository\org\apache\tomcat\embed\tomcat-embed-websocket\10.1.13\tomcat-embed-websocket-10.1.13.jar;C:\Users\86189\.m2\repository\org\springframework\spring-web\6.0.12
Launcher Type: SUN_STANDARD

[Global flags]
     intx CICompilerCount                          = 4                                         {product} {ergonomic}
     uint ConcGCThreads                            = 2                                         {product} {ergonomic}
     uint G1ConcRefinementThreads                  = 8                                         {product} {ergonomic}
   size_t G1HeapRegionSize                         = 1048576                                   {product} {ergonomic}
    uintx GCDrainStackTargetSize                   = 64                                        {product} {ergonomic}
   size_t InitialHeapSize                          = 132120576                                 {product} {ergonomic}
     bool ManagementServer                         = true                                      {product} {command line}
   size_t MarkStackSize                            = 4194304                                   {product} {ergonomic}
   size_t MaxHeapSize                              = 2105540608                                {product} {ergonomic}
   size_t MaxNewSize                               = 1262485504                                {product} {ergonomic}
   size_t MinHeapDeltaBytes                        = 1048576                                   {product} {ergonomic}
   size_t MinHeapSize                              = 8388608                                   {product} {ergonomic}
    uintx NonProfiledCodeHeapSize                  = 0                                      {pd product} {ergonomic}
     bool ProfileInterpreter                       = false                                  {pd product} {command line}
    uintx ProfiledCodeHeapSize                     = 0                                      {pd product} {ergonomic}
   size_t SoftMaxHeapSize                          = 2105540608                             {manageable} {ergonomic}
     intx TieredStopAtLevel                        = 1                                         {product} {command line}
     bool UseCompressedClassPointers               = true                           {product lp64_product} {ergonomic}
     bool UseCompressedOops                        = true                           {product lp64_product} {ergonomic}
     bool UseG1GC                                  = true                                      {product} {ergonomic}
     bool UseLargePagesIndividualAllocation        = false                                  {pd product} {ergonomic}

Logging:
Log output configuration:
 #0: stdout all=warning uptime,level,tags
 #1: stderr all=off uptime,level,tags

Environment Variables:
JAVA_HOME=C:\Program Files\Java\jdk-17
CLASSPATH=.;C:\Program Files\Java\jdk-17\lib
PATH=C:\Program Files\Microsoft MPI\Bin\;C:\Users\86189\anaconda3\Library\mingw-w64\bin;C:\Users\86189\anaconda3;C:\Users\86189\anaconda3\Library\bin;C:\Users\86189\anaconda3\Scripts;C:\Users\86189\anaconda3\Library;C:\Program Files (x86)\VMware\VMware Workstation\bin\;C:\Program Files\Python39\Scripts\;C:\Program Files\Python39\;C:\Program Files\Common Files\Oracle\Java\javapath;C:\Windows\system32;C:\Windows;C:\Windows\System32\Wbem;C:\Windows\System32\WindowsPowerShell\v1.0\;C:\Windows\System32\OpenSSH\;C:\Program Files (x86)\NVIDIA Corporation\PhysX\Common;C:\Program Files\NVIDIA Corporation\NVIDIA NvDLISR;C:\WINDOWS\system32;C:\WINDOWS;C:\WINDOWS\System32\Wbem;C:\WINDOWS\System32\WindowsPowerShell\v1.0\;C:\WINDOWS\System32\OpenSSH\;C:\Program Files (x86)\NetSarang\Xshell 7\;C:\Program Files\Java\jdk-17\bin;C:\Program Files\TortoiseGit\bin;C:\Program Files\PuTTY\;C:\Program Files\Git\cmd;C:\Users\86189\AppData\Roaming\Python\Python39\Scripts;C:\Program Files\nodejs\;C:\Program Files (x86)\Microsoft SQL Server\160\DTS\Binn\;C:\Program Files\Azure Data Studio\bin;C:\Program Files\Microsoft SQL Server\Client SDK\ODBC\170\Tools\Binn\;C:\Program Files (x86)\Microsoft SQL Server\150\Tools\Binn\;C:\Program Files\Microsoft SQL Server\150\Tools\Binn\;C:\Program Files\Microsoft SQL Server\150\DTS\Binn\;D:\Program Files\mysql\bin;C:\Program Files\MATLAB\R2023b\runtime\win64;C:\Program Files\MATLAB\R2023b\bin;;C:\Program Files\Docker\Docker\resources\bin;C:\Users\86189\AppData\Local\Microsoft\WindowsApps;C:\Program Files\Bandizip\;C:\Program Files\JetBrains\PyCharm Community Edition 2022.1\bin;;C:\Users\86189\AppData\Local\Programs\Microsoft VS Code\bin;C:\Program Files (x86)\Tencent\QQGameTempest\Hall.57938\;D:\IntelliJ IDEA Community Edition 2023.2\bin;;;C:\Program Files\JetBrains\IntelliJ IDEA 2023.2.4\bin;;C:\Users\86189\AppData\Roaming\npm;D:\CLion 2023.3\bin;;C:\Program Files\Azure Data Studio\bin
USERNAME=86189
OS=Windows_NT
PROCESSOR_IDENTIFIER=Intel64 Family 6 Model 165 Stepping 2, GenuineIntel



---------------  S Y S T E M  ---------------

OS:
 Windows 11 , 64 bit Build 26100 (10.0.26100.3323)
OS uptime: 0 days 13:16 hours
Hyper-V role detected

CPU: total 8 (initial active 8) (4 cores per cpu, 2 threads per core) family 6 model 165 stepping 2 microcode 0xe0, cx8, cmov, fxsr, ht, mmx, 3dnowpref, sse, sse2, sse3, ssse3, sse4.1, sse4.2, popcnt, lzcnt, tsc, tscinvbit, avx, avx2, aes, erms, clmul, bmi1, bmi2, adx, fma, vzeroupper, clflush, clflushopt, hv

Memory: 4k page, system-wide physical 8025M (667M free)
TotalPageFile size 20166M (AvailPageFile size 22M)
current process WorkingSet (physical memory assigned to process): 247M, peak: 253M
current process commit charge ("private bytes"): 337M, peak: 431M

vm_info: Java HotSpot(TM) 64-Bit Server VM (17.0.7+8-LTS-224) for windows-amd64 JRE (17.0.7+8-LTS-224), built on Feb 28 2023 23:03:02 by "mach5one" with MS VC++ 17.1 (VS2022)

END.
